\BOOKMARK [0][-]{chapter.1}{Introduction}{}
\BOOKMARK [0][-]{chapter.2}{Documentation}{}
\BOOKMARK [0][-]{chapter.3}{Installation}{}
\BOOKMARK [0][-]{chapter.4}{Tests}{}
\BOOKMARK [0][-]{chapter.5}{Tutorial Introduction to Personis}{}
\BOOKMARK [1][-]{section.5.1}{umbrowser}{chapter.5}
\BOOKMARK [1][-]{section.5.2}{Logger}{chapter.5}
\BOOKMARK [0][-]{chapter.6}{Personis Server}{}
\BOOKMARK [1][-]{section.6.1}{Running a Server}{chapter.6}
\BOOKMARK [0][-]{chapter.7}{Example Applications}{}
\BOOKMARK [1][-]{section.7.1}{Museum Guide}{chapter.7}
\BOOKMARK [1][-]{section.7.2}{Health Monitoring}{chapter.7}
\BOOKMARK [1][-]{section.7.3}{Drill and Practice}{chapter.7}
\BOOKMARK [0][-]{chapter.8}{Application Program Interface}{}
\BOOKMARK [1][-]{section.8.1}{Examples}{chapter.8}
\BOOKMARK [0][-]{chapter.9}{Model Definition Format}{}
\BOOKMARK [0][-]{chapter.10}{Client/Server Protocol}{}
\BOOKMARK [0][-]{chapter.11}{client Package}{}
\BOOKMARK [1][-]{section.11.1}{client Package}{chapter.11}
\BOOKMARK [1][-]{section.11.2}{util Module}{chapter.11}
\BOOKMARK [0][-]{chapter.12}{Indices and tables}{}
\BOOKMARK [0][-]{section*.61}{Python Module Index}{}
\BOOKMARK [0][-]{section*.62}{Index}{}
