[29/Jun/2012:14:01:39] ENGINE Listening for SIGHUP.
[29/Jun/2012:14:01:39] ENGINE Listening for SIGTERM.
[29/Jun/2012:14:01:39] ENGINE Listening for SIGUSR1.
[29/Jun/2012:14:01:39] ENGINE Bus STARTING
[29/Jun/2012:14:01:39] ENGINE Started monitor thread 'Autoreloader'.
[29/Jun/2012:14:01:39] ENGINE Started monitor thread '_TimeoutMonitor'.
[29/Jun/2012:14:01:40] ENGINE Serving on enterprise.it.usyd.edu.au:8001
[29/Jun/2012:14:01:40] ENGINE Bus STARTED
[29/Jun/2012:14:05:04] ENGINE Started monitor thread 'Session cleanup'.
[29/Jun/2012:14:11:30] ENGINE Restarting because /home/jbu/personis/server/Src/Personis_base.py changed.
[29/Jun/2012:14:11:30] ENGINE Stopped thread 'Autoreloader'.
[29/Jun/2012:14:11:30] ENGINE Bus STOPPING
[29/Jun/2012:14:11:30] ENGINE HTTP Server cherrypy._cpwsgi_server.CPWSGIServer(('enterprise.it.usyd.edu.au', 8001)) shut down
[29/Jun/2012:14:11:30] ENGINE Stopped thread 'Session cleanup'.
[29/Jun/2012:14:11:30] ENGINE Stopped thread '_TimeoutMonitor'.
[29/Jun/2012:14:11:30] ENGINE Bus STOPPED
[29/Jun/2012:14:11:30] ENGINE Bus EXITING
[29/Jun/2012:14:11:30] ENGINE Bus EXITED
[29/Jun/2012:14:11:30] ENGINE Waiting for child threads to terminate...
[29/Jun/2012:14:11:30] ENGINE Re-spawning log-llum.py
[29/Jun/2012:14:11:31] ENGINE Listening for SIGHUP.
[29/Jun/2012:14:11:31] ENGINE Listening for SIGTERM.
[29/Jun/2012:14:11:31] ENGINE Listening for SIGUSR1.
[29/Jun/2012:14:11:31] ENGINE Bus STARTING
[29/Jun/2012:14:11:31] ENGINE Started monitor thread 'Autoreloader'.
[29/Jun/2012:14:11:31] ENGINE Started monitor thread '_TimeoutMonitor'.
[29/Jun/2012:14:11:31] ENGINE Serving on enterprise.it.usyd.edu.au:8001
[29/Jun/2012:14:11:31] ENGINE Bus STARTED
[29/Jun/2012:14:12:01] ENGINE Restarting because /home/jbu/personis/server/Src/jsoncall.py changed.
[29/Jun/2012:14:12:01] ENGINE Stopped thread 'Autoreloader'.
[29/Jun/2012:14:12:01] ENGINE Bus STOPPING
[29/Jun/2012:14:12:01] ENGINE HTTP Server cherrypy._cpwsgi_server.CPWSGIServer(('enterprise.it.usyd.edu.au', 8001)) shut down
[29/Jun/2012:14:12:01] ENGINE Stopped thread '_TimeoutMonitor'.
[29/Jun/2012:14:12:01] ENGINE Bus STOPPED
[29/Jun/2012:14:12:01] ENGINE Bus EXITING
[29/Jun/2012:14:12:01] ENGINE Bus EXITED
[29/Jun/2012:14:12:01] ENGINE Waiting for child threads to terminate...
[29/Jun/2012:14:12:01] ENGINE Re-spawning log-llum.py
[29/Jun/2012:14:12:01] ENGINE Listening for SIGHUP.
[29/Jun/2012:14:12:01] ENGINE Listening for SIGTERM.
[29/Jun/2012:14:12:01] ENGINE Listening for SIGUSR1.
[29/Jun/2012:14:12:01] ENGINE Bus STARTING
[29/Jun/2012:14:12:01] ENGINE Started monitor thread 'Autoreloader'.
[29/Jun/2012:14:12:01] ENGINE Started monitor thread '_TimeoutMonitor'.
[29/Jun/2012:14:12:01] ENGINE Serving on enterprise.it.usyd.edu.au:8001
[29/Jun/2012:14:12:01] ENGINE Bus STARTED
[29/Jun/2012:14:12:13] ENGINE Started monitor thread 'Session cleanup'.
[29/Jun/2012:14:12:51] ENGINE Restarting because /home/jbu/personis/log-llum/log-llum.py changed.
[29/Jun/2012:14:12:51] ENGINE Stopped thread 'Autoreloader'.
[29/Jun/2012:14:12:51] ENGINE Bus STOPPING
[29/Jun/2012:14:12:51] ENGINE HTTP Server cherrypy._cpwsgi_server.CPWSGIServer(('enterprise.it.usyd.edu.au', 8001)) shut down
[29/Jun/2012:14:12:51] ENGINE Stopped thread 'Session cleanup'.
[29/Jun/2012:14:12:51] ENGINE Stopped thread '_TimeoutMonitor'.
[29/Jun/2012:14:12:51] ENGINE Bus STOPPED
[29/Jun/2012:14:12:51] ENGINE Bus EXITING
[29/Jun/2012:14:12:51] ENGINE Bus EXITED
[29/Jun/2012:14:12:51] ENGINE Waiting for child threads to terminate...
[29/Jun/2012:14:12:51] ENGINE Re-spawning log-llum.py
[29/Jun/2012:14:12:52] ENGINE Listening for SIGHUP.
[29/Jun/2012:14:12:52] ENGINE Listening for SIGTERM.
[29/Jun/2012:14:12:52] ENGINE Listening for SIGUSR1.
[29/Jun/2012:14:12:52] ENGINE Bus STARTING
[29/Jun/2012:14:12:52] ENGINE Started monitor thread '_TimeoutMonitor'.
[29/Jun/2012:14:12:52] ENGINE Started monitor thread 'Autoreloader'.
[29/Jun/2012:14:12:52] ENGINE Serving on enterprise.it.usyd.edu.au:8001
[29/Jun/2012:14:12:52] ENGINE Bus STARTED
[29/Jun/2012:14:13:41] ENGINE Started monitor thread 'Session cleanup'.
[29/Jun/2012:14:14:47] ENGINE Restarting because /home/jbu/personis/log-llum/log-llum.py changed.
[29/Jun/2012:14:14:47] ENGINE Stopped thread 'Autoreloader'.
[29/Jun/2012:14:14:47] ENGINE Bus STOPPING
[29/Jun/2012:14:14:47] ENGINE HTTP Server cherrypy._cpwsgi_server.CPWSGIServer(('enterprise.it.usyd.edu.au', 8001)) shut down
[29/Jun/2012:14:14:47] ENGINE Stopped thread 'Session cleanup'.
[29/Jun/2012:14:14:47] ENGINE Stopped thread '_TimeoutMonitor'.
[29/Jun/2012:14:14:47] ENGINE Bus STOPPED
[29/Jun/2012:14:14:47] ENGINE Bus EXITING
[29/Jun/2012:14:14:47] ENGINE Bus EXITED
[29/Jun/2012:14:14:47] ENGINE Waiting for child threads to terminate...
[29/Jun/2012:14:14:47] ENGINE Re-spawning log-llum.py
[29/Jun/2012:14:14:47] ENGINE Listening for SIGHUP.
[29/Jun/2012:14:14:47] ENGINE Listening for SIGTERM.
[29/Jun/2012:14:14:47] ENGINE Listening for SIGUSR1.
[29/Jun/2012:14:14:47] ENGINE Bus STARTING
[29/Jun/2012:14:14:47] ENGINE Started monitor thread '_TimeoutMonitor'.
[29/Jun/2012:14:14:47] ENGINE Started monitor thread 'Autoreloader'.
[29/Jun/2012:14:14:47] ENGINE Serving on enterprise.it.usyd.edu.au:8001
[29/Jun/2012:14:14:47] ENGINE Bus STARTED
[29/Jun/2012:14:44:41] ENGINE Keyboard Interrupt: shutting down bus
[29/Jun/2012:14:44:41] ENGINE Bus STOPPING
[29/Jun/2012:14:44:41] ENGINE HTTP Server cherrypy._cpwsgi_server.CPWSGIServer(('enterprise.it.usyd.edu.au', 8001)) shut down
[29/Jun/2012:14:44:41] ENGINE Stopped thread 'Autoreloader'.
[29/Jun/2012:14:44:41] ENGINE Stopped thread '_TimeoutMonitor'.
[29/Jun/2012:14:44:41] ENGINE Bus STOPPED
[29/Jun/2012:14:44:41] ENGINE Bus EXITING
[29/Jun/2012:14:44:41] ENGINE Bus EXITED
[29/Jun/2012:14:44:41] ENGINE Waiting for child threads to terminate...
[29/Jun/2012:14:44:41] ENGINE Bus STARTING
[29/Jun/2012:14:44:41] ENGINE Started monitor thread '_TimeoutMonitor'.
[29/Jun/2012:14:44:41] ENGINE Started monitor thread 'Autoreloader'.
[29/Jun/2012:14:44:41] ENGINE Serving on enterprise.it.usyd.edu.au:8001
[29/Jun/2012:14:44:41] ENGINE Bus STARTED
[29/Jun/2012:14:44:45] ENGINE Keyboard Interrupt: shutting down bus
[29/Jun/2012:14:44:45] ENGINE Bus STOPPING
[29/Jun/2012:14:44:45] ENGINE HTTP Server cherrypy._cpwsgi_server.CPWSGIServer(('enterprise.it.usyd.edu.au', 8001)) shut down
[29/Jun/2012:14:44:45] ENGINE Stopped thread 'Autoreloader'.
[29/Jun/2012:14:44:45] ENGINE Stopped thread '_TimeoutMonitor'.
[29/Jun/2012:14:44:45] ENGINE Bus STOPPED
[29/Jun/2012:14:44:45] ENGINE Bus EXITING
[29/Jun/2012:14:44:45] ENGINE Bus EXITED
[29/Jun/2012:14:44:45] ENGINE Waiting for child threads to terminate...
[29/Jun/2012:17:14:02] ENGINE Listening for SIGHUP.
[29/Jun/2012:17:14:02] ENGINE Listening for SIGTERM.
[29/Jun/2012:17:14:02] ENGINE Listening for SIGUSR1.
[29/Jun/2012:17:14:02] ENGINE Bus STARTING
[29/Jun/2012:17:14:02] ENGINE Started monitor thread 'Autoreloader'.
[29/Jun/2012:17:14:02] ENGINE Started monitor thread '_TimeoutMonitor'.
[29/Jun/2012:17:14:02] ENGINE Serving on enterprise.it.usyd.edu.au:8001
[29/Jun/2012:17:14:02] ENGINE Bus STARTED
[29/Jun/2012:17:14:09] ENGINE Started monitor thread 'Session cleanup'.
[29/Jun/2012:17:14:14] HTTP Traceback (most recent call last):
  File "/usr/lib/python2.7/dist-packages/cherrypy/_cprequest.py", line 656, in respond
    response.body = self.handler()
  File "/usr/lib/python2.7/dist-packages/cherrypy/lib/encoding.py", line 188, in __call__
    self.body = self.oldhandler(*args, **kwargs)
  File "/usr/lib/python2.7/dist-packages/cherrypy/_cpdispatch.py", line 34, in __call__
    return self.callable(*self.args, **self.kwargs)
  File "log-llum.py", line 70, in authorized
    raise IOError()
IOError

[29/Jun/2012:17:14:14] HTTP 
Request Headers:
  REFERER: http://enterprise.it.usyd.edu.au:2005/logged_in?code=kACAH-1Ng0rxttT6S1VVx3Zz0CBUVcNOVIsLajfwGOyryLc2wwadYtW4XAUJ4XcN47pQIpOV-TcEoD83g0xgr36z41ry035eNfVIYA632Rd05EJ-5YOJ2d4FLg
  HOST: enterprise.it.usyd.edu.au:8001
  CONNECTION: keep-alive
  Remote-Addr: 129.78.8.92
  ACCEPT: text/html,application/xhtml+xml,application/xml;q=0.9,*/*;q=0.8
  ACCEPT-CHARSET: ISO-8859-1,utf-8;q=0.7,*;q=0.3
  USER-AGENT: Mozilla/5.0 (X11; Linux i686) AppleWebKit/536.11 (KHTML, like Gecko) Chrome/20.0.1132.27 Safari/536.11
  COOKIE: __utmz=223117855.1340325923.2.2.utmccn=(organic)|utmcsr=google|utmctr=|utmcmd=organic; __utma=223117855.1852253725.1340243770.1340325923.1340330096.3; session_id=253746441d005a15d1b02030274d26259f397895
  ACCEPT-LANGUAGE: en-GB,en-US;q=0.8,en;q=0.6
  ACCEPT-ENCODING: gzip,deflate,sdch
[29/Jun/2012:17:14:22] ENGINE Keyboard Interrupt: shutting down bus
[29/Jun/2012:17:14:22] ENGINE Bus STOPPING
[29/Jun/2012:17:14:24] ENGINE HTTP Server cherrypy._cpwsgi_server.CPWSGIServer(('enterprise.it.usyd.edu.au', 8001)) shut down
[29/Jun/2012:17:14:24] ENGINE Stopped thread 'Session cleanup'.
[29/Jun/2012:17:14:24] ENGINE Stopped thread 'Autoreloader'.
[29/Jun/2012:17:14:24] ENGINE Stopped thread '_TimeoutMonitor'.
[29/Jun/2012:17:14:24] ENGINE Bus STOPPED
[29/Jun/2012:17:14:24] ENGINE Bus EXITING
[29/Jun/2012:17:14:24] ENGINE Bus EXITED
[29/Jun/2012:17:14:24] ENGINE Waiting for child threads to terminate...
[29/Jun/2012:17:14:24] ENGINE Bus STARTING
[29/Jun/2012:17:14:24] ENGINE Started monitor thread 'Autoreloader'.
[29/Jun/2012:17:14:24] ENGINE Started monitor thread '_TimeoutMonitor'.
[29/Jun/2012:17:14:24] ENGINE Started monitor thread 'Session cleanup'.
[29/Jun/2012:17:14:51] HTTP Traceback (most recent call last):
  File "/usr/lib/python2.7/dist-packages/cherrypy/_cprequest.py", line 656, in respond
    response.body = self.handler()
  File "/usr/lib/python2.7/dist-packages/cherrypy/lib/encoding.py", line 188, in __call__
    self.body = self.oldhandler(*args, **kwargs)
  File "/usr/lib/python2.7/dist-packages/cherrypy/_cpdispatch.py", line 34, in __call__
    return self.callable(*self.args, **self.kwargs)
  File "log-llum.py", line 70, in authorized
    raise IOError()
IOError

[29/Jun/2012:17:14:51] HTTP 
Request Headers:
  COOKIE: __utmz=223117855.1340325923.2.2.utmccn=(organic)|utmcsr=google|utmctr=|utmcmd=organic; __utma=223117855.1852253725.1340243770.1340325923.1340330096.3; session_id=fb108638899453c34b59e9e1091b25bf61893e8e
  HOST: enterprise.it.usyd.edu.au:8001
  CONNECTION: keep-alive
  Remote-Addr: 129.78.8.92
  ACCEPT: text/html,application/xhtml+xml,application/xml;q=0.9,*/*;q=0.8
  ACCEPT-CHARSET: ISO-8859-1,utf-8;q=0.7,*;q=0.3
  USER-AGENT: Mozilla/5.0 (X11; Linux i686) AppleWebKit/536.11 (KHTML, like Gecko) Chrome/20.0.1132.27 Safari/536.11
  ACCEPT-LANGUAGE: en-GB,en-US;q=0.8,en;q=0.6
  ACCEPT-ENCODING: gzip,deflate,sdch
[29/Jun/2012:17:16:08] HTTP Traceback (most recent call last):
  File "/usr/lib/python2.7/dist-packages/cherrypy/_cprequest.py", line 656, in respond
    response.body = self.handler()
  File "/usr/lib/python2.7/dist-packages/cherrypy/lib/encoding.py", line 188, in __call__
    self.body = self.oldhandler(*args, **kwargs)
  File "/usr/lib/python2.7/dist-packages/cherrypy/_cpdispatch.py", line 34, in __call__
    return self.callable(*self.args, **self.kwargs)
  File "log-llum.py", line 70, in authorized
    raise IOError()
IOError

[29/Jun/2012:17:16:08] HTTP 
Request Headers:
  COOKIE: __utmz=223117855.1340325923.2.2.utmccn=(organic)|utmcsr=google|utmctr=|utmcmd=organic; __utma=223117855.1852253725.1340243770.1340325923.1340330096.3; session_id=70e9efde6fd0b57d0b1860ec7b3eeff7a7a62e93
  HOST: enterprise.it.usyd.edu.au:8001
  CONNECTION: keep-alive
  CACHE-CONTROL: max-age=0
  Remote-Addr: 129.78.8.92
  ACCEPT: text/html,application/xhtml+xml,application/xml;q=0.9,*/*;q=0.8
  ACCEPT-CHARSET: ISO-8859-1,utf-8;q=0.7,*;q=0.3
  USER-AGENT: Mozilla/5.0 (X11; Linux i686) AppleWebKit/536.11 (KHTML, like Gecko) Chrome/20.0.1132.27 Safari/536.11
  ACCEPT-LANGUAGE: en-GB,en-US;q=0.8,en;q=0.6
  ACCEPT-ENCODING: gzip,deflate,sdch
[29/Jun/2012:17:16:13] HTTP Traceback (most recent call last):
  File "/usr/lib/python2.7/dist-packages/cherrypy/_cprequest.py", line 656, in respond
    response.body = self.handler()
  File "/usr/lib/python2.7/dist-packages/cherrypy/lib/encoding.py", line 188, in __call__
    self.body = self.oldhandler(*args, **kwargs)
  File "/usr/lib/python2.7/dist-packages/cherrypy/_cpdispatch.py", line 34, in __call__
    return self.callable(*self.args, **self.kwargs)
  File "log-llum.py", line 70, in authorized
    raise IOError()
IOError

[29/Jun/2012:17:16:13] HTTP 
Request Headers:
  COOKIE: __utmz=223117855.1340325923.2.2.utmccn=(organic)|utmcsr=google|utmctr=|utmcmd=organic; __utma=223117855.1852253725.1340243770.1340325923.1340330096.3; session_id=828abc1cf9d50912787d838cb82d1bde0a9c50f5
  HOST: enterprise.it.usyd.edu.au:8001
  CONNECTION: keep-alive
  CACHE-CONTROL: max-age=0
  Remote-Addr: 129.78.8.92
  ACCEPT: text/html,application/xhtml+xml,application/xml;q=0.9,*/*;q=0.8
  ACCEPT-CHARSET: ISO-8859-1,utf-8;q=0.7,*;q=0.3
  USER-AGENT: Mozilla/5.0 (X11; Linux i686) AppleWebKit/536.11 (KHTML, like Gecko) Chrome/20.0.1132.27 Safari/536.11
  ACCEPT-LANGUAGE: en-GB,en-US;q=0.8,en;q=0.6
  ACCEPT-ENCODING: gzip,deflate,sdch
[10/Jul/2012:10:39:33] ENGINE Listening for SIGHUP.
[10/Jul/2012:10:39:33] ENGINE Listening for SIGTERM.
[10/Jul/2012:10:39:33] ENGINE Listening for SIGUSR1.
[10/Jul/2012:10:39:33] ENGINE Bus STARTING
[10/Jul/2012:10:39:33] ENGINE Started monitor thread '_TimeoutMonitor'.
[10/Jul/2012:10:39:33] ENGINE Started monitor thread 'Autoreloader'.
[10/Jul/2012:10:39:34] ENGINE Serving on enterprise.it.usyd.edu.au:8001
[10/Jul/2012:10:39:34] ENGINE Bus STARTED
[10/Jul/2012:10:51:22] ENGINE Keyboard Interrupt: shutting down bus
[10/Jul/2012:10:51:22] ENGINE Bus STOPPING
[10/Jul/2012:10:51:22] ENGINE HTTP Server cherrypy._cpwsgi_server.CPWSGIServer(('enterprise.it.usyd.edu.au', 8001)) shut down
[10/Jul/2012:10:51:22] ENGINE Stopped thread 'Autoreloader'.
[10/Jul/2012:10:51:22] ENGINE Stopped thread '_TimeoutMonitor'.
[10/Jul/2012:10:51:22] ENGINE Bus STOPPED
[10/Jul/2012:10:51:22] ENGINE Bus EXITING
[10/Jul/2012:10:51:22] ENGINE Bus EXITED
[10/Jul/2012:10:51:22] ENGINE Waiting for child threads to terminate...
[10/Jul/2012:10:51:22] ENGINE Bus STARTING
[10/Jul/2012:10:51:22] ENGINE Started monitor thread '_TimeoutMonitor'.
[10/Jul/2012:10:51:22] ENGINE Started monitor thread 'Autoreloader'.
[10/Jul/2012:10:51:22] ENGINE Serving on enterprise.it.usyd.edu.au:8001
[10/Jul/2012:10:51:22] ENGINE Bus STARTED
[10/Jul/2012:10:51:24] ENGINE Keyboard Interrupt: shutting down bus
[10/Jul/2012:10:51:24] ENGINE Bus STOPPING
[10/Jul/2012:10:51:24] ENGINE HTTP Server cherrypy._cpwsgi_server.CPWSGIServer(('enterprise.it.usyd.edu.au', 8001)) shut down
[10/Jul/2012:10:51:24] ENGINE Stopped thread 'Autoreloader'.
[10/Jul/2012:10:51:24] ENGINE Stopped thread '_TimeoutMonitor'.
[10/Jul/2012:10:51:24] ENGINE Bus STOPPED
[10/Jul/2012:10:51:24] ENGINE Bus EXITING
[10/Jul/2012:10:51:24] ENGINE Bus EXITED
[10/Jul/2012:10:51:24] ENGINE Waiting for child threads to terminate...
